<?xml version="1.0" encoding="UTF-8"?>
<!-- Generated by org.testng.reporters.JUnitReportReporter -->
<testsuite skipped="0" hostname="DESKTOP-AUG88V9" name="testng_programs.p14" tests="1" failures="0" timestamp="2020-03-12T08:50:46 IST" time="44.155" errors="0">
  <testcase name="actitime_login" time="44.155" classname="testng_programs.p14"/>
</testsuite> <!-- testng_programs.p14 -->
