<?xml version="1.0" encoding="UTF-8"?>
<!-- Generated by org.testng.reporters.JUnitReportReporter -->
<testsuite skipped="1" hostname="DESKTOP-AUG88V9" name="testng_programs.P17" tests="1" failures="0" timestamp="2020-03-13T22:46:59 IST" time="0.000" errors="0">
  <testcase name="actitime_loginscript" time="0.000" classname="testng_programs.P17">
    <skipped/>
  </testcase> <!-- actitime_loginscript -->
</testsuite> <!-- testng_programs.P17 -->
