<?xml version="1.0" encoding="UTF-8"?>
<!-- Generated by org.testng.reporters.JUnitReportReporter -->
<testsuite skipped="0" hostname="DESKTOP-AUG88V9" name="testng_programs.P18" tests="4" failures="0" timestamp="2020-03-13T23:11:45 IST" time="0.066" errors="0">
  <testcase name="reports_script" time="0.007" classname="testng_programs.P18"/>
  <testcase name="logout_script" time="0.012" classname="testng_programs.P18"/>
  <testcase name="login_script" time="0.038" classname="testng_programs.P18"/>
  <testcase name="users_script" time="0.009" classname="testng_programs.P18"/>
</testsuite> <!-- testng_programs.P18 -->
