<?xml version="1.0" encoding="UTF-8"?>
<!-- Generated by org.testng.reporters.JUnitReportReporter -->
<testsuite skipped="0" hostname="DESKTOP-AUG88V9" name="testng_programs.p4" tests="2" failures="0" timestamp="2020-03-10T09:27:56 IST" time="70.981" errors="0">
  <testcase name="actitime_login" time="28.592" classname="testng_programs.p4"/>
  <testcase name="facebook_script" time="42.389" classname="testng_programs.p4"/>
</testsuite> <!-- testng_programs.p4 -->
