<?xml version="1.0" encoding="UTF-8"?>
<!-- Generated by org.testng.reporters.JUnitReportReporter -->
<testsuite skipped="0" hostname="DESKTOP-AUG88V9" name="testng_programs.p1" tests="1" failures="0" timestamp="2020-03-10T08:49:53 IST" time="0.048" errors="0">
  <testcase name="test" time="0.048" classname="testng_programs.p1"/>
</testsuite> <!-- testng_programs.p1 -->
