<?xml version="1.0" encoding="UTF-8"?>
<!-- Generated by org.testng.reporters.JUnitReportReporter -->
<testsuite skipped="0" hostname="DESKTOP-AUG88V9" name="testng_programs.demo" tests="1" failures="0" timestamp="2020-03-11T09:16:45 IST" time="0.040" errors="0">
  <testcase name="userlogin" time="0.040" classname="testng_programs.demo"/>
</testsuite> <!-- testng_programs.demo -->
