<?xml version="1.0" encoding="UTF-8"?>
<!-- Generated by org.testng.reporters.JUnitReportReporter -->
<testsuite skipped="0" hostname="DESKTOP-AUG88V9" name="testng_programs.p11" tests="1" failures="0" timestamp="2020-03-11T09:03:33 IST" time="40.827" errors="0">
  <testcase name="facebook_script" time="40.827" classname="testng_programs.p11"/>
</testsuite> <!-- testng_programs.p11 -->
