<?xml version="1.0" encoding="UTF-8"?>
<!-- Generated by org.testng.reporters.JUnitReportReporter -->
<testsuite skipped="0" hostname="DESKTOP-AUG88V9" name="testng_programs.p13" tests="9" failures="0" timestamp="2020-03-12T08:17:04 IST" time="0.150" errors="0">
  <testcase name="method3" time="0.042" classname="testng_programs.p13"/>
  <testcase name="method3" time="0.015" classname="testng_programs.p13"/>
  <testcase name="method2" time="0.016" classname="testng_programs.p13"/>
  <testcase name="method2" time="0.000" classname="testng_programs.p13"/>
  <testcase name="method1" time="0.015" classname="testng_programs.p13"/>
  <testcase name="method1" time="0.016" classname="testng_programs.p13"/>
  <testcase name="method1" time="0.031" classname="testng_programs.p13"/>
  <testcase name="method1" time="0.000" classname="testng_programs.p13"/>
  <testcase name="method1" time="0.015" classname="testng_programs.p13"/>
</testsuite> <!-- testng_programs.p13 -->
