<?xml version="1.0" encoding="UTF-8"?>
<!-- Generated by org.testng.reporters.JUnitReportReporter -->
<testsuite skipped="0" hostname="DESKTOP-AUG88V9" name="testng_programs.p3" tests="2" failures="0" timestamp="2020-03-11T08:45:51 IST" time="77.207" errors="0">
  <testcase name="actitime_login" time="35.250" classname="testng_programs.p3"/>
  <testcase name="facebook_script" time="41.957" classname="testng_programs.p3"/>
</testsuite> <!-- testng_programs.p3 -->
