<?xml version="1.0" encoding="UTF-8"?>
<!-- Generated by org.testng.reporters.JUnitReportReporter -->
<testsuite skipped="0" hostname="DESKTOP-AUG88V9" name="testng_programs.p10" tests="1" failures="0" timestamp="2020-03-11T09:09:09 IST" time="35.927" errors="0">
  <testcase name="actitime_login" time="35.927" classname="testng_programs.p10"/>
</testsuite> <!-- testng_programs.p10 -->
