<?xml version="1.0" encoding="UTF-8"?>
<!-- Generated by org.testng.reporters.JUnitReportReporter -->
<testsuite skipped="0" hostname="DESKTOP-AUG88V9" name="testng_programs.P19" tests="4" failures="0" timestamp="2020-03-13T23:01:50 IST" time="0.066" errors="0">
  <testcase name="method3" time="0.006" classname="testng_programs.P19"/>
  <testcase name="method2" time="0.008" classname="testng_programs.P19"/>
  <testcase name="method4" time="0.009" classname="testng_programs.P19"/>
  <testcase name="method1" time="0.043" classname="testng_programs.P19"/>
</testsuite> <!-- testng_programs.P19 -->
