<?xml version="1.0" encoding="UTF-8"?>
<!-- Generated by org.testng.reporters.JUnitReportReporter -->
<testsuite skipped="0" hostname="DESKTOP-AUG88V9" name="testng_programs.P21" tests="3" failures="0" timestamp="2020-03-14T08:08:05 IST" time="0.084" errors="0">
  <testcase name="method3" time="0.019" classname="testng_programs.P21"/>
  <testcase name="method2" time="0.025" classname="testng_programs.P21"/>
  <testcase name="method1" time="0.040" classname="testng_programs.P21"/>
</testsuite> <!-- testng_programs.P21 -->
