<?xml version="1.0" encoding="UTF-8"?>
<!-- Generated by org.testng.reporters.JUnitReportReporter -->
<testsuite skipped="0" hostname="DESKTOP-AUG88V9" name="testng_programs.p9" tests="2" failures="0" timestamp="2020-03-11T08:51:12 IST" time="87.753" errors="0">
  <testcase name="actitime_login" time="33.072" classname="testng_programs.p9"/>
  <testcase name="facebook_script" time="54.681" classname="testng_programs.p9"/>
</testsuite> <!-- testng_programs.p9 -->
