<?xml version="1.0" encoding="UTF-8"?>
<!-- Generated by org.testng.reporters.JUnitReportReporter -->
<testsuite skipped="0" hostname="DESKTOP-AUG88V9" name="testng_programs.p2" tests="2" failures="0" timestamp="2020-03-10T09:09:12 IST" time="157.765" errors="0">
  <testcase name="facebook_script" time="110.892" classname="testng_programs.p2"/>
  <testcase name="actitime_login" time="46.873" classname="testng_programs.p2"/>
</testsuite> <!-- testng_programs.p2 -->
