<?xml version="1.0" encoding="UTF-8"?>
<!-- Generated by org.testng.reporters.JUnitReportReporter -->
<testsuite skipped="0" hostname="DESKTOP-AUG88V9" name="testng_programs.p12" tests="3" failures="0" timestamp="2020-03-11T21:08:12 IST" time="0.063" errors="0">
  <testcase name="Amethod2" time="0.047" classname="testng_programs.p12"/>
  <testcase name="Cmethod3" time="0.016" classname="testng_programs.p12"/>
  <testcase name="Bmethod1" time="0.000" classname="testng_programs.p12"/>
</testsuite> <!-- testng_programs.p12 -->
